<?xml version="1.0" encoding="UTF-8"?>
<!-- Generated by org.testng.reporters.JUnitXMLReporter -->
<testsuite ignored="0" hostname="LAPTOP-J5E37TJF" failures="0" tests="4" name="Test" time="26.135" errors="0" timestamp="2022-05-12T10:32:16 IST">
  <testcase classname="testjava.LoginPageTest" name="verifyUrlOfPage" time="0.011"/>
  <testcase classname="testjava.LoginPageTest" name="verifyTitleOfPage" time="0.005"/>
  <testcase classname="testjava.LoginPageTest" name="verifyLoginFunctionality" time="5.795"/>
  <testcase classname="testjava.DashboardPageTest" name="verfiyLogoutFunctionality" time="6.912"/>
</testsuite> <!-- Test -->
