<?xml version="1.0" encoding="UTF-8"?>
<testng-results ignored="0" total="4" passed="4" failed="0" skipped="0">
  <reporter-output>
  </reporter-output>
  <suite started-at="2022-05-10T08:58:15 IST" name="Suite" finished-at="2022-05-10T08:58:39 IST" duration-ms="23626">
    <groups>
    </groups>
    <test started-at="2022-05-10T08:58:15 IST" name="Test" finished-at="2022-05-10T08:58:39 IST" duration-ms="23626">
      <class name="testjava.LoginPageTest">
        <test-method is-config="true" signature="initializingWebEnv()[pri:0, instance:testjava.LoginPageTest@6f46426d]" started-at="2022-05-10T08:58:29 IST" name="initializingWebEnv" finished-at="2022-05-10T08:58:34 IST" duration-ms="4882" status="PASS">
          <reporter-output>
          </reporter-output>
        </test-method> <!-- initializingWebEnv -->
        <test-method is-config="true" signature="allPageObject()[pri:0, instance:testjava.LoginPageTest@6f46426d]" started-at="2022-05-10T08:58:34 IST" name="allPageObject" finished-at="2022-05-10T08:58:34 IST" duration-ms="1" status="PASS">
          <reporter-output>
          </reporter-output>
        </test-method> <!-- allPageObject -->
        <test-method signature="verifyUrlOfPage()[pri:-1, instance:testjava.LoginPageTest@6f46426d]" started-at="2022-05-10T08:58:34 IST" name="verifyUrlOfPage" finished-at="2022-05-10T08:58:34 IST" duration-ms="6" status="PASS">
          <reporter-output>
          </reporter-output>
        </test-method> <!-- verifyUrlOfPage -->
        <test-method signature="verifyTitleOfPage()[pri:0, instance:testjava.LoginPageTest@6f46426d]" started-at="2022-05-10T08:58:34 IST" name="verifyTitleOfPage" finished-at="2022-05-10T08:58:34 IST" duration-ms="14" status="PASS">
          <reporter-output>
          </reporter-output>
        </test-method> <!-- verifyTitleOfPage -->
        <test-method is-config="true" signature="allPageObject()[pri:0, instance:testjava.LoginPageTest@6f46426d]" started-at="2022-05-10T08:58:34 IST" name="allPageObject" finished-at="2022-05-10T08:58:34 IST" duration-ms="0" status="PASS">
          <reporter-output>
          </reporter-output>
        </test-method> <!-- allPageObject -->
        <test-method signature="verifyLoginFunctionality()[pri:1, instance:testjava.LoginPageTest@6f46426d]" started-at="2022-05-10T08:58:34 IST" name="verifyLoginFunctionality" finished-at="2022-05-10T08:58:38 IST" duration-ms="4538" status="PASS">
          <reporter-output>
          </reporter-output>
        </test-method> <!-- verifyLoginFunctionality -->
        <test-method is-config="true" signature="allPageObject()[pri:0, instance:testjava.LoginPageTest@6f46426d]" started-at="2022-05-10T08:58:34 IST" name="allPageObject" finished-at="2022-05-10T08:58:34 IST" duration-ms="0" status="PASS">
          <reporter-output>
          </reporter-output>
        </test-method> <!-- allPageObject -->
        <test-method is-config="true" signature="tearDownBrowser()[pri:0, instance:testjava.LoginPageTest@6f46426d]" started-at="2022-05-10T08:58:38 IST" name="tearDownBrowser" finished-at="2022-05-10T08:58:39 IST" duration-ms="748" status="PASS">
          <reporter-output>
          </reporter-output>
        </test-method> <!-- tearDownBrowser -->
      </class> <!-- testjava.LoginPageTest -->
      <class name="testjava.DashboardPageTest">
        <test-method is-config="true" signature="initializingWebEnv()[pri:0, instance:testjava.DashboardPageTest@3d5c822d]" started-at="2022-05-10T08:58:15 IST" name="initializingWebEnv" finished-at="2022-05-10T08:58:22 IST" duration-ms="6440" status="PASS">
          <reporter-output>
          </reporter-output>
        </test-method> <!-- initializingWebEnv -->
        <test-method is-config="true" signature="allPageObject()[pri:0, instance:testjava.DashboardPageTest@3d5c822d]" started-at="2022-05-10T08:58:22 IST" name="allPageObject" finished-at="2022-05-10T08:58:22 IST" duration-ms="34" status="PASS">
          <reporter-output>
          </reporter-output>
        </test-method> <!-- allPageObject -->
        <test-method signature="verfiyLogoutFunctionality()[pri:5, instance:testjava.DashboardPageTest@3d5c822d]" started-at="2022-05-10T08:58:22 IST" name="verfiyLogoutFunctionality" finished-at="2022-05-10T08:58:28 IST" duration-ms="6169" status="PASS">
          <reporter-output>
          </reporter-output>
        </test-method> <!-- verfiyLogoutFunctionality -->
        <test-method is-config="true" signature="tearDownBrowser()[pri:0, instance:testjava.DashboardPageTest@3d5c822d]" started-at="2022-05-10T08:58:28 IST" name="tearDownBrowser" finished-at="2022-05-10T08:58:29 IST" duration-ms="755" status="PASS">
          <reporter-output>
          </reporter-output>
        </test-method> <!-- tearDownBrowser -->
      </class> <!-- testjava.DashboardPageTest -->
    </test> <!-- Test -->
  </suite> <!-- Suite -->
</testng-results>
