<?xml version="1.0" encoding="UTF-8"?>
<testng-results ignored="0" total="4" passed="4" failed="0" skipped="0">
  <reporter-output>
  </reporter-output>
  <suite started-at="2022-05-12T19:32:13 IST" name="Suite" finished-at="2022-05-12T19:32:39 IST" duration-ms="25952">
    <groups>
    </groups>
    <test started-at="2022-05-12T19:32:13 IST" name="Test" finished-at="2022-05-12T19:32:39 IST" duration-ms="25952">
      <class name="testjava.LoginPageTest">
        <test-method is-config="true" signature="initializingWebEnv()[pri:0, instance:testjava.LoginPageTest@17bffc17]" started-at="2022-05-12T19:32:13 IST" name="initializingWebEnv" finished-at="2022-05-12T19:32:20 IST" duration-ms="7694" status="PASS">
          <reporter-output>
          </reporter-output>
        </test-method> <!-- initializingWebEnv -->
        <test-method is-config="true" signature="allPageObject()[pri:0, instance:testjava.LoginPageTest@17bffc17]" started-at="2022-05-12T19:32:20 IST" name="allPageObject" finished-at="2022-05-12T19:32:20 IST" duration-ms="47" status="PASS">
          <reporter-output>
          </reporter-output>
        </test-method> <!-- allPageObject -->
        <test-method signature="verifyUrlOfPage()[pri:-1, instance:testjava.LoginPageTest@17bffc17]" started-at="2022-05-12T19:32:20 IST" name="verifyUrlOfPage" finished-at="2022-05-12T19:32:20 IST" duration-ms="30" status="PASS">
          <reporter-output>
          </reporter-output>
        </test-method> <!-- verifyUrlOfPage -->
        <test-method signature="verifyTitleOfPage()[pri:0, instance:testjava.LoginPageTest@17bffc17]" started-at="2022-05-12T19:32:20 IST" name="verifyTitleOfPage" finished-at="2022-05-12T19:32:20 IST" duration-ms="20" status="PASS">
          <reporter-output>
          </reporter-output>
        </test-method> <!-- verifyTitleOfPage -->
        <test-method is-config="true" signature="allPageObject()[pri:0, instance:testjava.LoginPageTest@17bffc17]" started-at="2022-05-12T19:32:20 IST" name="allPageObject" finished-at="2022-05-12T19:32:20 IST" duration-ms="0" status="PASS">
          <reporter-output>
          </reporter-output>
        </test-method> <!-- allPageObject -->
        <test-method is-config="true" signature="allPageObject()[pri:0, instance:testjava.LoginPageTest@17bffc17]" started-at="2022-05-12T19:32:20 IST" name="allPageObject" finished-at="2022-05-12T19:32:20 IST" duration-ms="3" status="PASS">
          <reporter-output>
          </reporter-output>
        </test-method> <!-- allPageObject -->
        <test-method signature="verifyLoginFunctionality()[pri:1, instance:testjava.LoginPageTest@17bffc17]" started-at="2022-05-12T19:32:20 IST" name="verifyLoginFunctionality" finished-at="2022-05-12T19:32:24 IST" duration-ms="3980" status="PASS">
          <reporter-output>
          </reporter-output>
        </test-method> <!-- verifyLoginFunctionality -->
        <test-method is-config="true" signature="tearDownBrowser()[pri:0, instance:testjava.LoginPageTest@17bffc17]" started-at="2022-05-12T19:32:24 IST" name="tearDownBrowser" finished-at="2022-05-12T19:32:25 IST" duration-ms="821" status="PASS">
          <reporter-output>
          </reporter-output>
        </test-method> <!-- tearDownBrowser -->
      </class> <!-- testjava.LoginPageTest -->
      <class name="testjava.DashboardPageTest">
        <test-method is-config="true" signature="initializingWebEnv()[pri:0, instance:testjava.DashboardPageTest@6e535154]" started-at="2022-05-12T19:32:25 IST" name="initializingWebEnv" finished-at="2022-05-12T19:32:31 IST" duration-ms="5678" status="PASS">
          <reporter-output>
          </reporter-output>
        </test-method> <!-- initializingWebEnv -->
        <test-method signature="verfiyLogoutFunctionality()[pri:5, instance:testjava.DashboardPageTest@6e535154]" started-at="2022-05-12T19:32:31 IST" name="verfiyLogoutFunctionality" finished-at="2022-05-12T19:32:38 IST" duration-ms="6792" status="PASS">
          <reporter-output>
          </reporter-output>
        </test-method> <!-- verfiyLogoutFunctionality -->
        <test-method is-config="true" signature="allPageObject()[pri:0, instance:testjava.DashboardPageTest@6e535154]" started-at="2022-05-12T19:32:31 IST" name="allPageObject" finished-at="2022-05-12T19:32:31 IST" duration-ms="0" status="PASS">
          <reporter-output>
          </reporter-output>
        </test-method> <!-- allPageObject -->
        <test-method is-config="true" signature="tearDownBrowser()[pri:0, instance:testjava.DashboardPageTest@6e535154]" started-at="2022-05-12T19:32:38 IST" name="tearDownBrowser" finished-at="2022-05-12T19:32:39 IST" duration-ms="786" status="PASS">
          <reporter-output>
          </reporter-output>
        </test-method> <!-- tearDownBrowser -->
      </class> <!-- testjava.DashboardPageTest -->
    </test> <!-- Test -->
  </suite> <!-- Suite -->
</testng-results>
