<?xml version="1.0" encoding="UTF-8"?>
<!-- Generated by org.testng.reporters.JUnitXMLReporter -->
<testsuite ignored="0" hostname="LAPTOP-J5E37TJF" failures="0" tests="4" name="Test" time="23.626" errors="0" timestamp="2022-05-10T08:58:39 IST">
  <testcase classname="testjava.DashboardPageTest" name="verfiyLogoutFunctionality" time="6.169"/>
  <testcase classname="testjava.LoginPageTest" name="verifyUrlOfPage" time="0.006"/>
  <testcase classname="testjava.LoginPageTest" name="verifyTitleOfPage" time="0.014"/>
  <testcase classname="testjava.LoginPageTest" name="verifyLoginFunctionality" time="4.538"/>
</testsuite> <!-- Test -->
