<?xml version="1.0" encoding="UTF-8"?>
<!-- Generated by org.testng.reporters.JUnitXMLReporter -->
<testsuite ignored="0" hostname="LAPTOP-J5E37TJF" failures="0" tests="4" name="Test" time="25.952" errors="0" timestamp="2022-05-12T19:32:39 IST">
  <testcase classname="testjava.LoginPageTest" name="verifyUrlOfPage" time="0.03"/>
  <testcase classname="testjava.LoginPageTest" name="verifyTitleOfPage" time="0.02"/>
  <testcase classname="testjava.LoginPageTest" name="verifyLoginFunctionality" time="3.98"/>
  <testcase classname="testjava.DashboardPageTest" name="verfiyLogoutFunctionality" time="6.792"/>
</testsuite> <!-- Test -->
