<?xml version="1.0" encoding="UTF-8"?>
<testng-results ignored="0" total="4" passed="4" failed="0" skipped="0">
  <reporter-output>
  </reporter-output>
  <suite started-at="2022-05-12T19:34:52 IST" name="Suite" finished-at="2022-05-12T19:35:18 IST" duration-ms="25953">
    <groups>
    </groups>
    <test started-at="2022-05-12T19:34:52 IST" name="Test" finished-at="2022-05-12T19:35:18 IST" duration-ms="25953">
      <class name="testjava.LoginPageTest">
        <test-method is-config="true" signature="initializingWebEnv()[pri:0, instance:testjava.LoginPageTest@710c2b53]" started-at="2022-05-12T19:34:52 IST" name="initializingWebEnv" finished-at="2022-05-12T19:34:59 IST" duration-ms="6708" status="PASS">
          <reporter-output>
          </reporter-output>
        </test-method> <!-- initializingWebEnv -->
        <test-method is-config="true" signature="allPageObject()[pri:0, instance:testjava.LoginPageTest@710c2b53]" started-at="2022-05-12T19:34:59 IST" name="allPageObject" finished-at="2022-05-12T19:34:59 IST" duration-ms="44" status="PASS">
          <reporter-output>
          </reporter-output>
        </test-method> <!-- allPageObject -->
        <test-method signature="verifyUrlOfPage()[pri:-1, instance:testjava.LoginPageTest@710c2b53]" started-at="2022-05-12T19:34:59 IST" name="verifyUrlOfPage" finished-at="2022-05-12T19:34:59 IST" duration-ms="23" status="PASS">
          <reporter-output>
          </reporter-output>
        </test-method> <!-- verifyUrlOfPage -->
        <test-method is-config="true" signature="allPageObject()[pri:0, instance:testjava.LoginPageTest@710c2b53]" started-at="2022-05-12T19:34:59 IST" name="allPageObject" finished-at="2022-05-12T19:34:59 IST" duration-ms="0" status="PASS">
          <reporter-output>
          </reporter-output>
        </test-method> <!-- allPageObject -->
        <test-method signature="verifyTitleOfPage()[pri:0, instance:testjava.LoginPageTest@710c2b53]" started-at="2022-05-12T19:34:59 IST" name="verifyTitleOfPage" finished-at="2022-05-12T19:34:59 IST" duration-ms="9" status="PASS">
          <reporter-output>
          </reporter-output>
        </test-method> <!-- verifyTitleOfPage -->
        <test-method is-config="true" signature="allPageObject()[pri:0, instance:testjava.LoginPageTest@710c2b53]" started-at="2022-05-12T19:34:59 IST" name="allPageObject" finished-at="2022-05-12T19:34:59 IST" duration-ms="3" status="PASS">
          <reporter-output>
          </reporter-output>
        </test-method> <!-- allPageObject -->
        <test-method signature="verifyLoginFunctionality()[pri:1, instance:testjava.LoginPageTest@710c2b53]" started-at="2022-05-12T19:34:59 IST" name="verifyLoginFunctionality" finished-at="2022-05-12T19:35:04 IST" duration-ms="5267" status="PASS">
          <reporter-output>
          </reporter-output>
        </test-method> <!-- verifyLoginFunctionality -->
        <test-method is-config="true" signature="tearDownBrowser()[pri:0, instance:testjava.LoginPageTest@710c2b53]" started-at="2022-05-12T19:35:04 IST" name="tearDownBrowser" finished-at="2022-05-12T19:35:05 IST" duration-ms="793" status="PASS">
          <reporter-output>
          </reporter-output>
        </test-method> <!-- tearDownBrowser -->
      </class> <!-- testjava.LoginPageTest -->
      <class name="testjava.DashboardPageTest">
        <test-method is-config="true" signature="initializingWebEnv()[pri:0, instance:testjava.DashboardPageTest@5386659f]" started-at="2022-05-12T19:35:05 IST" name="initializingWebEnv" finished-at="2022-05-12T19:35:10 IST" duration-ms="5209" status="PASS">
          <reporter-output>
          </reporter-output>
        </test-method> <!-- initializingWebEnv -->
        <test-method is-config="true" signature="allPageObject()[pri:0, instance:testjava.DashboardPageTest@5386659f]" started-at="2022-05-12T19:35:10 IST" name="allPageObject" finished-at="2022-05-12T19:35:10 IST" duration-ms="11" status="PASS">
          <reporter-output>
          </reporter-output>
        </test-method> <!-- allPageObject -->
        <test-method signature="verfiyLogoutFunctionality()[pri:5, instance:testjava.DashboardPageTest@5386659f]" started-at="2022-05-12T19:35:10 IST" name="verfiyLogoutFunctionality" finished-at="2022-05-12T19:35:17 IST" duration-ms="6970" status="PASS">
          <reporter-output>
          </reporter-output>
        </test-method> <!-- verfiyLogoutFunctionality -->
        <test-method is-config="true" signature="tearDownBrowser()[pri:0, instance:testjava.DashboardPageTest@5386659f]" started-at="2022-05-12T19:35:17 IST" name="tearDownBrowser" finished-at="2022-05-12T19:35:18 IST" duration-ms="850" status="PASS">
          <reporter-output>
          </reporter-output>
        </test-method> <!-- tearDownBrowser -->
      </class> <!-- testjava.DashboardPageTest -->
    </test> <!-- Test -->
  </suite> <!-- Suite -->
</testng-results>
