<?xml version="1.0" encoding="UTF-8"?>
<testng-results ignored="0" total="4" passed="4" failed="0" skipped="0">
  <reporter-output>
  </reporter-output>
  <suite started-at="2022-05-12T10:31:50 IST" name="Suite" finished-at="2022-05-12T10:32:16 IST" duration-ms="26135">
    <groups>
    </groups>
    <test started-at="2022-05-12T10:31:50 IST" name="Test" finished-at="2022-05-12T10:32:16 IST" duration-ms="26135">
      <class name="testjava.LoginPageTest">
        <test-method is-config="true" signature="initializingWebEnv()[pri:0, instance:testjava.LoginPageTest@710c2b53]" started-at="2022-05-12T10:31:50 IST" name="initializingWebEnv" finished-at="2022-05-12T10:31:56 IST" duration-ms="5560" status="PASS">
          <reporter-output>
          </reporter-output>
        </test-method> <!-- initializingWebEnv -->
        <test-method is-config="true" signature="allPageObject()[pri:0, instance:testjava.LoginPageTest@710c2b53]" started-at="2022-05-12T10:31:56 IST" name="allPageObject" finished-at="2022-05-12T10:31:56 IST" duration-ms="22" status="PASS">
          <reporter-output>
          </reporter-output>
        </test-method> <!-- allPageObject -->
        <test-method signature="verifyUrlOfPage()[pri:-1, instance:testjava.LoginPageTest@710c2b53]" started-at="2022-05-12T10:31:56 IST" name="verifyUrlOfPage" finished-at="2022-05-12T10:31:56 IST" duration-ms="11" status="PASS">
          <reporter-output>
          </reporter-output>
        </test-method> <!-- verifyUrlOfPage -->
        <test-method is-config="true" signature="allPageObject()[pri:0, instance:testjava.LoginPageTest@710c2b53]" started-at="2022-05-12T10:31:56 IST" name="allPageObject" finished-at="2022-05-12T10:31:56 IST" duration-ms="0" status="PASS">
          <reporter-output>
          </reporter-output>
        </test-method> <!-- allPageObject -->
        <test-method signature="verifyTitleOfPage()[pri:0, instance:testjava.LoginPageTest@710c2b53]" started-at="2022-05-12T10:31:56 IST" name="verifyTitleOfPage" finished-at="2022-05-12T10:31:56 IST" duration-ms="5" status="PASS">
          <reporter-output>
          </reporter-output>
        </test-method> <!-- verifyTitleOfPage -->
        <test-method is-config="true" signature="allPageObject()[pri:0, instance:testjava.LoginPageTest@710c2b53]" started-at="2022-05-12T10:31:56 IST" name="allPageObject" finished-at="2022-05-12T10:31:56 IST" duration-ms="0" status="PASS">
          <reporter-output>
          </reporter-output>
        </test-method> <!-- allPageObject -->
        <test-method signature="verifyLoginFunctionality()[pri:1, instance:testjava.LoginPageTest@710c2b53]" started-at="2022-05-12T10:31:56 IST" name="verifyLoginFunctionality" finished-at="2022-05-12T10:32:02 IST" duration-ms="5795" status="PASS">
          <reporter-output>
          </reporter-output>
        </test-method> <!-- verifyLoginFunctionality -->
        <test-method is-config="true" signature="tearDownBrowser()[pri:0, instance:testjava.LoginPageTest@710c2b53]" started-at="2022-05-12T10:32:02 IST" name="tearDownBrowser" finished-at="2022-05-12T10:32:02 IST" duration-ms="600" status="PASS">
          <reporter-output>
          </reporter-output>
        </test-method> <!-- tearDownBrowser -->
      </class> <!-- testjava.LoginPageTest -->
      <class name="testjava.DashboardPageTest">
        <test-method is-config="true" signature="initializingWebEnv()[pri:0, instance:testjava.DashboardPageTest@5386659f]" started-at="2022-05-12T10:32:02 IST" name="initializingWebEnv" finished-at="2022-05-12T10:32:09 IST" duration-ms="6606" status="PASS">
          <reporter-output>
          </reporter-output>
        </test-method> <!-- initializingWebEnv -->
        <test-method signature="verfiyLogoutFunctionality()[pri:5, instance:testjava.DashboardPageTest@5386659f]" started-at="2022-05-12T10:32:09 IST" name="verfiyLogoutFunctionality" finished-at="2022-05-12T10:32:16 IST" duration-ms="6912" status="PASS">
          <reporter-output>
          </reporter-output>
        </test-method> <!-- verfiyLogoutFunctionality -->
        <test-method is-config="true" signature="allPageObject()[pri:0, instance:testjava.DashboardPageTest@5386659f]" started-at="2022-05-12T10:32:09 IST" name="allPageObject" finished-at="2022-05-12T10:32:09 IST" duration-ms="0" status="PASS">
          <reporter-output>
          </reporter-output>
        </test-method> <!-- allPageObject -->
        <test-method is-config="true" signature="tearDownBrowser()[pri:0, instance:testjava.DashboardPageTest@5386659f]" started-at="2022-05-12T10:32:16 IST" name="tearDownBrowser" finished-at="2022-05-12T10:32:16 IST" duration-ms="597" status="PASS">
          <reporter-output>
          </reporter-output>
        </test-method> <!-- tearDownBrowser -->
      </class> <!-- testjava.DashboardPageTest -->
    </test> <!-- Test -->
  </suite> <!-- Suite -->
</testng-results>
